<?xml version="1.0" encoding="UTF-8"?>
<testsuite name="com.kcs.todo.ServiceTest" tests="1" skipped="0" failures="0" errors="0" timestamp="2022-10-20T06:38:25" hostname="DESKTOP-8N3ACNK" time="0.317">
  <properties/>
  <testcase name="deteleTest()" classname="com.kcs.todo.ServiceTest" time="0.317"/>
  <system-out><![CDATA[15:38:20.371 [Test worker] DEBUG org.springframework.test.context.BootstrapUtils - Instantiating CacheAwareContextLoaderDelegate from class [org.springframework.test.context.cache.DefaultCacheAwareContextLoaderDelegate]
15:38:20.387 [Test worker] DEBUG org.springframework.test.context.BootstrapUtils - Instantiating BootstrapContext using constructor [public org.springframework.test.context.support.DefaultBootstrapContext(java.lang.Class,org.springframework.test.context.CacheAwareContextLoaderDelegate)]
15:38:20.418 [Test worker] DEBUG org.springframework.test.context.BootstrapUtils - Instantiating TestContextBootstrapper for test class [com.kcs.todo.ServiceTest] from class [org.springframework.boot.test.context.SpringBootTestContextBootstrapper]
15:38:20.433 [Test worker] INFO org.springframework.boot.test.context.SpringBootTestContextBootstrapper - Neither @ContextConfiguration nor @ContextHierarchy found for test class [com.kcs.todo.ServiceTest], using SpringBootContextLoader
15:38:20.433 [Test worker] DEBUG org.springframework.test.context.support.AbstractContextLoader - Did not detect default resource location for test class [com.kcs.todo.ServiceTest]: class path resource [com/kcs/todo/ServiceTest-context.xml] does not exist
15:38:20.433 [Test worker] DEBUG org.springframework.test.context.support.AbstractContextLoader - Did not detect default resource location for test class [com.kcs.todo.ServiceTest]: class path resource [com/kcs/todo/ServiceTestContext.groovy] does not exist
15:38:20.433 [Test worker] INFO org.springframework.test.context.support.AbstractContextLoader - Could not detect default resource locations for test class [com.kcs.todo.ServiceTest]: no resource found for suffixes {-context.xml, Context.groovy}.
15:38:20.433 [Test worker] INFO org.springframework.test.context.support.AnnotationConfigContextLoaderUtils - Could not detect default configuration classes for test class [com.kcs.todo.ServiceTest]: ServiceTest does not declare any static, non-private, non-final, nested classes annotated with @Configuration.
15:38:20.480 [Test worker] DEBUG org.springframework.test.context.support.ActiveProfilesUtils - Could not find an 'annotation declaring class' for annotation type [org.springframework.test.context.ActiveProfiles] and class [com.kcs.todo.ServiceTest]
15:38:20.559 [Test worker] DEBUG org.springframework.context.annotation.ClassPathScanningCandidateComponentProvider - Identified candidate component class: file [C:\todo\build\classes\java\main\com\kcs\todo\TodoApplication.class]
15:38:20.559 [Test worker] INFO org.springframework.boot.test.context.SpringBootTestContextBootstrapper - Found @SpringBootConfiguration com.kcs.todo.TodoApplication for test class com.kcs.todo.ServiceTest
15:38:20.669 [Test worker] DEBUG org.springframework.boot.test.context.SpringBootTestContextBootstrapper - @TestExecutionListeners is not present for class [com.kcs.todo.ServiceTest]: using defaults.
15:38:20.669 [Test worker] INFO org.springframework.boot.test.context.SpringBootTestContextBootstrapper - Loaded default TestExecutionListener class names from location [META-INF/spring.factories]: [org.springframework.boot.test.autoconfigure.restdocs.RestDocsTestExecutionListener, org.springframework.boot.test.autoconfigure.web.client.MockRestServiceServerResetTestExecutionListener, org.springframework.boot.test.autoconfigure.web.servlet.MockMvcPrintOnlyOnFailureTestExecutionListener, org.springframework.boot.test.autoconfigure.web.servlet.WebDriverTestExecutionListener, org.springframework.boot.test.autoconfigure.webservices.client.MockWebServiceServerTestExecutionListener, org.springframework.boot.test.mock.mockito.MockitoTestExecutionListener, org.springframework.boot.test.mock.mockito.ResetMocksTestExecutionListener, org.springframework.test.context.web.ServletTestExecutionListener, org.springframework.test.context.support.DirtiesContextBeforeModesTestExecutionListener, org.springframework.test.context.event.ApplicationEventsTestExecutionListener, org.springframework.test.context.support.DependencyInjectionTestExecutionListener, org.springframework.test.context.support.DirtiesContextTestExecutionListener, org.springframework.test.context.transaction.TransactionalTestExecutionListener, org.springframework.test.context.jdbc.SqlScriptsTestExecutionListener, org.springframework.test.context.event.EventPublishingTestExecutionListener]
15:38:20.685 [Test worker] INFO org.springframework.boot.test.context.SpringBootTestContextBootstrapper - Using TestExecutionListeners: [org.springframework.test.context.web.ServletTestExecutionListener@33a2499c, org.springframework.test.context.support.DirtiesContextBeforeModesTestExecutionListener@e72dba7, org.springframework.test.context.event.ApplicationEventsTestExecutionListener@33c2bd, org.springframework.boot.test.mock.mockito.MockitoTestExecutionListener@1dfd5f51, org.springframework.boot.test.autoconfigure.SpringBootDependencyInjectionTestExecutionListener@3c321bdb, org.springframework.test.context.support.DirtiesContextTestExecutionListener@24855019, org.springframework.test.context.transaction.TransactionalTestExecutionListener@3abd581e, org.springframework.test.context.jdbc.SqlScriptsTestExecutionListener@4d4d8fcf, org.springframework.test.context.event.EventPublishingTestExecutionListener@610db97e, org.springframework.boot.test.autoconfigure.restdocs.RestDocsTestExecutionListener@6f0628de, org.springframework.boot.test.autoconfigure.web.client.MockRestServiceServerResetTestExecutionListener@3fabf088, org.springframework.boot.test.autoconfigure.web.servlet.MockMvcPrintOnlyOnFailureTestExecutionListener@1e392345, org.springframework.boot.test.autoconfigure.web.servlet.WebDriverTestExecutionListener@12f3afb5, org.springframework.boot.test.autoconfigure.webservices.client.MockWebServiceServerTestExecutionListener@4ced35ed, org.springframework.boot.test.mock.mockito.ResetMocksTestExecutionListener@2c22a348]
15:38:20.700 [Test worker] DEBUG org.springframework.test.context.support.AbstractDirtiesContextTestExecutionListener - Before test class: context [DefaultTestContext@3a7704c testClass = ServiceTest, testInstance = [null], testMethod = [null], testException = [null], mergedContextConfiguration = [WebMergedContextConfiguration@6754ef00 testClass = ServiceTest, locations = '{}', classes = '{class com.kcs.todo.TodoApplication}', contextInitializerClasses = '[]', activeProfiles = '{}', propertySourceLocations = '{}', propertySourceProperties = '{org.springframework.boot.test.context.SpringBootTestContextBootstrapper=true}', contextCustomizers = set[org.springframework.boot.test.autoconfigure.actuate.metrics.MetricsExportContextCustomizerFactory$DisableMetricExportContextCustomizer@201b6b6f, org.springframework.boot.test.autoconfigure.properties.PropertyMappingContextCustomizer@0, org.springframework.boot.test.autoconfigure.web.servlet.WebDriverContextCustomizerFactory$Customizer@18230356, org.springframework.boot.test.context.filter.ExcludeFilterContextCustomizer@60d1a32f, org.springframework.boot.test.json.DuplicateJsonObjectContextCustomizerFactory$DuplicateJsonObjectContextCustomizer@40c80397, org.springframework.boot.test.mock.mockito.MockitoContextCustomizer@0, org.springframework.boot.test.web.client.TestRestTemplateContextCustomizer@47db5fa5, org.springframework.boot.test.context.SpringBootTestArgs@1, org.springframework.boot.test.context.SpringBootTestWebEnvironment@6531a794], resourceBasePath = 'src/main/webapp', contextLoader = 'org.springframework.boot.test.context.SpringBootContextLoader', parent = [null]], attributes = map['org.springframework.test.context.web.ServletTestExecutionListener.activateListener' -> true]], class annotated with @DirtiesContext [false] with mode [null].

  .   ____          _            __ _ _
 /\\ / ___'_ __ _ _(_)_ __  __ _ \ \ \ \
( ( )\___ | '_ | '_| | '_ \/ _` | \ \ \ \
 \\/  ___)| |_)| | | | | || (_| |  ) ) ) )
  '  |____| .__|_| |_|_| |_\__, | / / / /
 =========|_|==============|___/=/_/_/_/
 :: Spring Boot ::                (v2.7.4)

2022-10-20 15:38:21.100  INFO 8532 --- [    Test worker] com.kcs.todo.ServiceTest                 : Starting ServiceTest using Java 11.0.16 on DESKTOP-8N3ACNK with PID 8532 (started by tjoeun in C:\todo)
2022-10-20 15:38:21.100  INFO 8532 --- [    Test worker] com.kcs.todo.ServiceTest                 : No active profile set, falling back to 1 default profile: "default"
2022-10-20 15:38:21.944  INFO 8532 --- [    Test worker] .s.d.r.c.RepositoryConfigurationDelegate : Bootstrapping Spring Data JPA repositories in DEFAULT mode.
2022-10-20 15:38:21.991  INFO 8532 --- [    Test worker] .s.d.r.c.RepositoryConfigurationDelegate : Finished Spring Data repository scanning in 45 ms. Found 1 JPA repository interfaces.
2022-10-20 15:38:22.632  INFO 8532 --- [    Test worker] o.hibernate.jpa.internal.util.LogHelper  : HHH000204: Processing PersistenceUnitInfo [name: default]
2022-10-20 15:38:22.694  INFO 8532 --- [    Test worker] org.hibernate.Version                    : HHH000412: Hibernate ORM core version 5.6.11.Final
2022-10-20 15:38:22.882  INFO 8532 --- [    Test worker] o.hibernate.annotations.common.Version   : HCANN000001: Hibernate Commons Annotations {5.1.2.Final}
2022-10-20 15:38:23.022  INFO 8532 --- [    Test worker] com.zaxxer.hikari.HikariDataSource       : HikariPool-1 - Starting...
2022-10-20 15:38:23.237  INFO 8532 --- [    Test worker] com.zaxxer.hikari.HikariDataSource       : HikariPool-1 - Start completed.
2022-10-20 15:38:23.284  INFO 8532 --- [    Test worker] org.hibernate.dialect.Dialect            : HHH000400: Using dialect: org.hibernate.dialect.MySQL55Dialect
2022-10-20 15:38:23.456  WARN 8532 --- [    Test worker] org.hibernate.id.UUIDHexGenerator        : HHH000409: Using org.hibernate.id.UUIDHexGenerator which does not generate IETF RFC 4122 compliant UUID values; consider using org.hibernate.id.UUIDGenerator instead
2022-10-20 15:38:24.331  INFO 8532 --- [    Test worker] o.h.e.t.j.p.i.JtaPlatformInitiator       : HHH000490: Using JtaPlatform implementation: [org.hibernate.engine.transaction.jta.platform.internal.NoJtaPlatform]
2022-10-20 15:38:24.346  INFO 8532 --- [    Test worker] j.LocalContainerEntityManagerFactoryBean : Initialized JPA EntityManagerFactory for persistence unit 'default'
2022-10-20 15:38:25.018  WARN 8532 --- [    Test worker] JpaBaseConfiguration$JpaWebConfiguration : spring.jpa.open-in-view is enabled by default. Therefore, database queries may be performed during view rendering. Explicitly configure spring.jpa.open-in-view to disable this warning
2022-10-20 15:38:25.612  INFO 8532 --- [    Test worker] com.kcs.todo.ServiceTest                 : Started ServiceTest in 4.884 seconds (JVM running for 6.258)
Hibernate: 
    select
        todo0_.id as id1_0_,
        todo0_.moddate as moddate2_0_,
        todo0_.regdate as regdate3_0_,
        todo0_.done as done4_0_,
        todo0_.title as title5_0_,
        todo0_.user_id as user_id6_0_ 
    from
        todo todo0_ 
    where
        todo0_.user_id=?
2022-10-20 15:38:25.925 TRACE 8532 --- [    Test worker] o.h.type.descriptor.sql.BasicBinder      : binding parameter [1] as [VARCHAR] - [kklol]
2022-10-20 15:38:25.925 TRACE 8532 --- [    Test worker] o.h.type.descriptor.sql.BasicExtractor   : extracted value ([id1_0_] : [VARCHAR]) - [4028815183f40a4e0183f40a585f0000]
2022-10-20 15:38:25.925 TRACE 8532 --- [    Test worker] o.h.type.descriptor.sql.BasicExtractor   : extracted value ([moddate2_0_] : [TIMESTAMP]) - [2022-10-20T15:25:22]
2022-10-20 15:38:25.925 TRACE 8532 --- [    Test worker] o.h.type.descriptor.sql.BasicExtractor   : extracted value ([regdate3_0_] : [TIMESTAMP]) - [2022-10-20T15:17:42]
2022-10-20 15:38:25.925 TRACE 8532 --- [    Test worker] o.h.type.descriptor.sql.BasicExtractor   : extracted value ([done4_0_] : [BOOLEAN]) - [false]
2022-10-20 15:38:25.925 TRACE 8532 --- [    Test worker] o.h.type.descriptor.sql.BasicExtractor   : extracted value ([title5_0_] : [VARCHAR]) - [서비스단 테스트]
2022-10-20 15:38:25.925 TRACE 8532 --- [    Test worker] o.h.type.descriptor.sql.BasicExtractor   : extracted value ([user_id6_0_] : [VARCHAR]) - [kklol]
[ToDo(id=4028815183f40a4e0183f40a585f0000, userId=kklol, title=서비스단 테스트, done=false)]
]]></system-out>
  <system-err><![CDATA[]]></system-err>
</testsuite>
